<?xml version="1.0" encoding="UTF-8"?>
<!-- Generated by org.testng.reporters.JUnitXMLReporter -->
<testsuite ignored="0" hostname="ARIE-HUTAJULU" failures="0" tests="11" name="Main Suites" time="42.183" errors="0" timestamp="2021-07-20T14:11:41 ICT">
  <testcase classname="testcase.TestLogin" name="submitvalid" time="7.45"/>
  <testcase classname="testcase.TestLogin" name="submitinvalid" time="3.433"/>
  <testcase classname="testcase.TestLogin" name="submitinvalidpassword" time="3.714"/>
  <testcase classname="testcase.TestLogin" name="submitemptypassword" time="4.311"/>
  <testcase classname="testcase.TestLogin" name="submitemptyusername" time="4.286"/>
  <testcase classname="testcase.TestLogin" name="emptyboth" time="2.159"/>
  <testcase classname="testcase.TestLogin" name="forgotpassword" time="5.239"/>
  <testcase classname="testcase.TestForgotPassword" name="inputcorrect" time="3.678"/>
  <testcase classname="testcase.TestForgotPassword" name="inputincorrect" time="3.269"/>
  <testcase classname="testcase.TestForgotPassword" name="inputemptyforgot" time="3.235"/>
  <testcase classname="testcase.TestForgotPassword" name="clickcancel" time="1.238"/>
</testsuite> <!-- Main Suites -->
