<?xml version="1.0" encoding="UTF-8"?>
<testng-results ignored="0" total="11" passed="11" failed="0" skipped="0">
  <reporter-output>
  </reporter-output>
  <suite started-at="2021-07-20T14:10:59 ICT" name="Suite1" finished-at="2021-07-20T14:11:41 ICT" duration-ms="42183">
    <groups>
    </groups>
    <test started-at="2021-07-20T14:10:59 ICT" name="Main Suites" finished-at="2021-07-20T14:11:41 ICT" duration-ms="42183">
      <class name="testcase.TestLogin">
        <test-method signature="submitvalid()[pri:0, instance:testcase.TestLogin@69653e16]" started-at="2021-07-20T14:10:59 ICT" name="submitvalid" finished-at="2021-07-20T14:11:07 ICT" duration-ms="7450" status="PASS">
          <reporter-output>
          </reporter-output>
        </test-method> <!-- submitvalid -->
        <test-method signature="submitinvalid()[pri:1, instance:testcase.TestLogin@69653e16]" started-at="2021-07-20T14:11:07 ICT" name="submitinvalid" finished-at="2021-07-20T14:11:10 ICT" duration-ms="3433" status="PASS">
          <reporter-output>
          </reporter-output>
        </test-method> <!-- submitinvalid -->
        <test-method signature="submitinvalidpassword()[pri:2, instance:testcase.TestLogin@69653e16]" started-at="2021-07-20T14:11:10 ICT" name="submitinvalidpassword" finished-at="2021-07-20T14:11:14 ICT" duration-ms="3714" status="PASS">
          <reporter-output>
          </reporter-output>
        </test-method> <!-- submitinvalidpassword -->
        <test-method signature="submitemptypassword()[pri:3, instance:testcase.TestLogin@69653e16]" started-at="2021-07-20T14:11:14 ICT" name="submitemptypassword" finished-at="2021-07-20T14:11:18 ICT" duration-ms="4311" status="PASS">
          <reporter-output>
          </reporter-output>
        </test-method> <!-- submitemptypassword -->
        <test-method signature="submitemptyusername()[pri:4, instance:testcase.TestLogin@69653e16]" started-at="2021-07-20T14:11:18 ICT" name="submitemptyusername" finished-at="2021-07-20T14:11:23 ICT" duration-ms="4286" status="PASS">
          <reporter-output>
          </reporter-output>
        </test-method> <!-- submitemptyusername -->
        <test-method signature="emptyboth()[pri:5, instance:testcase.TestLogin@69653e16]" started-at="2021-07-20T14:11:23 ICT" name="emptyboth" finished-at="2021-07-20T14:11:25 ICT" duration-ms="2159" status="PASS">
          <reporter-output>
          </reporter-output>
        </test-method> <!-- emptyboth -->
        <test-method signature="forgotpassword()[pri:6, instance:testcase.TestLogin@69653e16]" started-at="2021-07-20T14:11:25 ICT" name="forgotpassword" finished-at="2021-07-20T14:11:30 ICT" duration-ms="5239" status="PASS">
          <reporter-output>
          </reporter-output>
        </test-method> <!-- forgotpassword -->
        <test-method is-config="true" signature="cleanUp()[pri:0, instance:testcase.TestLogin@69653e16]" started-at="2021-07-20T14:11:41 ICT" name="cleanUp" finished-at="2021-07-20T14:11:41 ICT" duration-ms="71" status="PASS">
          <reporter-output>
          </reporter-output>
        </test-method> <!-- cleanUp -->
      </class> <!-- testcase.TestLogin -->
      <class name="testcase.TestForgotPassword">
        <test-method signature="inputcorrect()[pri:7, instance:testcase.TestForgotPassword@758705fa]" started-at="2021-07-20T14:11:30 ICT" name="inputcorrect" finished-at="2021-07-20T14:11:34 ICT" duration-ms="3678" status="PASS">
          <reporter-output>
          </reporter-output>
        </test-method> <!-- inputcorrect -->
        <test-method signature="inputincorrect()[pri:8, instance:testcase.TestForgotPassword@758705fa]" started-at="2021-07-20T14:11:34 ICT" name="inputincorrect" finished-at="2021-07-20T14:11:37 ICT" duration-ms="3269" status="PASS">
          <reporter-output>
          </reporter-output>
        </test-method> <!-- inputincorrect -->
        <test-method signature="inputemptyforgot()[pri:9, instance:testcase.TestForgotPassword@758705fa]" started-at="2021-07-20T14:11:37 ICT" name="inputemptyforgot" finished-at="2021-07-20T14:11:40 ICT" duration-ms="3235" status="PASS">
          <reporter-output>
          </reporter-output>
        </test-method> <!-- inputemptyforgot -->
        <test-method signature="clickcancel()[pri:10, instance:testcase.TestForgotPassword@758705fa]" started-at="2021-07-20T14:11:40 ICT" name="clickcancel" finished-at="2021-07-20T14:11:41 ICT" duration-ms="1238" status="PASS">
          <reporter-output>
          </reporter-output>
        </test-method> <!-- clickcancel -->
        <test-method is-config="true" signature="cleanUp()[pri:0, instance:testcase.TestForgotPassword@758705fa]" started-at="2021-07-20T14:11:41 ICT" name="cleanUp" finished-at="2021-07-20T14:11:41 ICT" duration-ms="55" status="PASS">
          <reporter-output>
          </reporter-output>
        </test-method> <!-- cleanUp -->
      </class> <!-- testcase.TestForgotPassword -->
    </test> <!-- Main Suites -->
  </suite> <!-- Suite1 -->
</testng-results>
