<?xml version="1.0" encoding="UTF-8"?>
<testsuite name="TestSuite" time="42.015" tests="11" errors="0" skipped="0" failures="0">
  <properties>
[...]
</properties>
  <testcase name="submitvalid" classname="testcase.TestLogin" time="7.452"/>
  <testcase name="submitinvalid" classname="testcase.TestLogin" time="3.434"/>
  <testcase name="submitinvalidpassword" classname="testcase.TestLogin" time="3.715"/>
  <testcase name="submitemptypassword" classname="testcase.TestLogin" time="4.311"/>
  <testcase name="submitemptyusername" classname="testcase.TestLogin" time="4.285"/>
  <testcase name="emptyboth" classname="testcase.TestLogin" time="2.159"/>
  <testcase name="forgotpassword" classname="testcase.TestLogin" time="5.24"/>
  <testcase name="inputcorrect" classname="testcase.TestForgotPassword" time="3.679"/>
  <testcase name="inputincorrect" classname="testcase.TestForgotPassword" time="3.268"/>
  <testcase name="inputemptyforgot" classname="testcase.TestForgotPassword" time="3.235"/>
  <testcase name="clickcancel" classname="testcase.TestForgotPassword" time="1.237"/>
</testsuite>